version https://git-lfs.github.com/spec/v1
oid sha256:56d0e08cae60c32f4db375eb6c4d7e94847285df9c7788412a11991c0fa2c7b5
size 7114
