version https://git-lfs.github.com/spec/v1
oid sha256:07d214067bec3077fd1cb71bc522badee56055a1563ff14f55eaad4575746777
size 9507
